This is pdfTeX, Version 3.141592653-2.6-1.40.25 (TeX Live 2023) (preloaded format=pdflatex 2023.11.11)  19 FEB 2024 10:09
entering extended mode
 restricted \write18 enabled.
 %&-line parsing enabled.
**eezz_docs.tex
(./eezz_docs.tex
LaTeX2e <2023-11-01>
L3 programming layer <2023-11-01>
(./sphinxmanual.cls
Document Class: sphinxmanual 2019/12/01 v2.3.0 Document class (Sphinx manual)
(c:/Program Files/texlive/texlive/2023/texmf-dist/tex/latex/base/report.cls
Document Class: report 2023/05/17 v1.4n Standard LaTeX document class
(c:/Program Files/texlive/texlive/2023/texmf-dist/tex/latex/base/size10.clo
File: size10.clo 2023/05/17 v1.4n Standard LaTeX file (size option)
)
\c@part=\count186
\c@chapter=\count187
\c@section=\count188
\c@subsection=\count189
\c@subsubsection=\count190
\c@paragraph=\count191
\c@subparagraph=\count192
\c@figure=\count193
\c@table=\count194
\abovecaptionskip=\skip48
\belowcaptionskip=\skip49
\bibindent=\dimen140
)
LaTeX Info: Redefining \and on input line 35.
)
! Missing number, treated as zero.
<to be read again> 
                   ^
l.24 \catcode`^^^^
                  00a0\active\protected\def^^^^00a0{\leavevmode\nobreak\ }
A number should have been here; I inserted `0'.
(If you can't figure out why I needed to see a number,
look up `weird error' in the index to The TeXbook.)

! Missing $ inserted.
<inserted text> 
                $
l.24 \catcode`^^^^
                  00a0\active\protected\def^^^^00a0{\leavevmode\nobreak\ }
I've inserted a begin-math/end-math symbol since I think
you left one out. Proceed, with fingers crossed.


! LaTeX Error: Missing \begin{document}.

See the LaTeX manual or LaTeX Companion for explanation.
Type  H <return>  for immediate help.
 ...                                              
                                                  
l.24 \catcode`^^^^
                  00a0\active\protected\def^^^^00a0{\leavevmode\nobreak\ }
You're in trouble here.  Try typing  <return>  to proceed.
If that doesn't work, type  X <return>  to quit.

LaTeX Font Info:    External font `cmex10' loaded for size
(Font)              <7> on input line 24.
LaTeX Font Info:    External font `cmex10' loaded for size
(Font)              <5> on input line 24.
(c:/Program Files/texlive/texlive/2023/texmf-dist/tex/latex/cmap/cmap.sty
! Missing $ inserted.
<inserted text> 
                $
l.13 
     
I've inserted a begin-math/end-math symbol since I think
you left one out. Proceed, with fingers crossed.

Package: cmap 2021/02/06 v1.0j CMap support: searchable PDF
! You can't use `\spacefactor' in vertical mode.
\@->\spacefactor 
                 \@m {}
l.28 \@
       ifundefined{pdffontattr}{%
Sorry, but I'm not programmed to handle this case;
I'll just pretend that you didn't ask for it.
If you're in the wrong mode, you might be able to
return to the right one by typing `I}' or `I$' or `I\par'.

! Missing $ inserted.
<inserted text> 
                $
l.28 \@
       ifundefined{pdffontattr}{%
I've inserted a begin-math/end-math symbol since I think
you left one out. Proceed, with fingers crossed.


! LaTeX Error: Missing \begin{document}.

See the LaTeX manual or LaTeX Companion for explanation.
Type  H <return>  for immediate help.
 ...                                              
                                                  
l.28 \@
       ifundefined{pdffontattr}{%
You're in trouble here.  Try typing  <return>  to proceed.
If that doesn't work, type  X <return>  to quit.

! You can't use `\spacefactor' in math mode.
\@->\spacefactor 
                 \@m {}
l.29   \@
         ifundefined{pdfextension}{%
Sorry, but I'm not programmed to handle this case;
I'll just pretend that you didn't ask for it.
If you're in the wrong mode, you might be able to
return to the right one by typing `I}' or `I$' or `I\par'.


Package cmap Warning: pdftex not detected - exiting.

)
! TeX capacity exceeded, sorry [input stack size=10000].
\cmap.sty-h@@k ->\cmap.sty-h@@k 
                                \expandafter \let \csname unprocessedoptions...
l.26 \usepackage
                {fontspec}
If you really absolutely need more capacity,
you can ask a wizard to enlarge me.

 
Here is how much of TeX's memory you used:
 322 strings out of 474272
 4705 string characters out of 5740447
 1923533 words of memory out of 5000000
 22610 multiletter control sequences out of 15000+600000
 558069 words of font info for 36 fonts, out of 8000000 for 9000
 1141 hyphenation exceptions out of 8191
 10000i,3n,52p,150b,81s stack positions out of 10000i,1000n,20000p,200000b,200000s
!  ==> Fatal error occurred, no output PDF file produced!
